12.4232 	EXP 	Created window1 = Window(allowGUI=False, allowStencil=False, autoLog=True, backendConf=UNKNOWN, bitsMode=UNKNOWN, blendMode='avg', bpc=(8, 8, 8), color=array([0, 0, 0]), colorSpace='rgb', depthBits=8, fullscr=<method-wrapper '__getattribute__' of attributeSetter object at 0x7f828a70aa20>, gamma=None, gammaErrorPolicy='raise', lms=UNKNOWN, monitor=<psychopy.monitors.calibTools.Monitor object at 0x7f82896653c8>, multiSample=False, name='window1', numSamples=2, pos=[378.0, 245.5], screen=0, size=array([3024, 1964]), stencilBits=0, stereo=False, units='height', useFBO=True, useRetina=True, viewOri=0.0, viewPos=None, viewScale=None, waitBlanking=True, winType='pyglet')
12.4236 	EXP 	window1: mouseVisible = True
12.4237 	EXP 	window1: recordFrameIntervals = False
12.5896 	EXP 	window1: recordFrameIntervals = True
12.7305 	WARNING 	t of last frame was 38.14ms (=1/26)
12.8933 	WARNING 	t of last frame was 20.14ms (=1/49)
13.2743 	EXP 	window1: recordFrameIntervals = False
14.4544 	EXP 	Created intro_slide = TextStim(__class__=<class 'psychopy.visual.text.TextStim'>, alignHoriz=method-wrapper(...), alignText='center', alignVert=method-wrapper(...), anchorHoriz='center', anchorVert='center', antialias=True, autoLog=True, bold=False, color=array([1., 1., 1.]), colorSpace='rgb', contrast=1.0, depth=0.0, flipHoriz=False, flipVert=False, font='Open Sans', fontFiles=[], height=0.1, italic=False, languageStyle='LTR', name='intro_slide', opacity=1, ori=0.0, pos=array([0., 0.]), rgb=UNKNOWN, text='Hello World!', units='height', win=Window(...), wrapWidth=1)
14.4557 	EXP 	Created press_key = TextStim(__class__=<class 'psychopy.visual.text.TextStim'>, alignHoriz=method-wrapper(...), alignText='center', alignVert=method-wrapper(...), anchorHoriz='center', anchorVert='center', antialias=True, autoLog=True, bold=False, color=array([1., 1., 1.]), colorSpace='rgb', contrast=1.0, depth=0.0, flipHoriz=False, flipVert=False, font='Open Sans', fontFiles=[], height=0.1, italic=False, languageStyle='LTR', name='press_key', opacity=1, ori=0.0, pos=array([0., 0.]), rgb=UNKNOWN, text='', units='height', win=Window(...), wrapWidth=1)
14.5574 	EXP 	Sound tone set volume 0.500
14.5626 	EXP 	Created outro_slide = TextStim(__class__=<class 'psychopy.visual.text.TextStim'>, alignHoriz=method-wrapper(...), alignText='center', alignVert=method-wrapper(...), anchorHoriz='center', anchorVert='center', antialias=True, autoLog=True, bold=False, color=array([1., 1., 1.]), colorSpace='rgb', contrast=1.0, depth=0.0, flipHoriz=False, flipVert=False, font='Open Sans', fontFiles=[], height=0.1, italic=False, languageStyle='LTR', name='outro_slide', opacity=1, ori=0.0, pos=array([0., 0.]), rgb=UNKNOWN, text='Thanks!', units='height', win=Window(...), wrapWidth=1)
14.5736 	EXP 	intro_slide: autoDraw = True
15.5678 	EXP 	Imported conditions.csv as conditions, 3 conditions, 1 params
15.5684 	EXP 	Created sequence: random, trialTypes=3, nReps=1, seed=None
15.5686 	EXP 	New trial (rep=0, index=0): OrderedDict([('sound_start', 4)])
15.5806 	EXP 	intro_slide: autoDraw = False
15.5806 	EXP 	intro_slide: autoDraw = False
15.5806 	EXP 	press_key: text = 'Press space when you hear a tone'
15.5806 	EXP 	press_key: autoDraw = True
19.5734 	EXP 	Sound tone started
19.9114 	EXP 	Sound tone stopped
19.9126 	EXP 	New trial (rep=0, index=1): OrderedDict([('sound_start', 5)])
19.9180 	DATA 	Keypress: space
19.9232 	EXP 	press_key: autoDraw = False
19.9232 	EXP 	press_key: text = 'Press space when you hear a tone'
19.9232 	EXP 	press_key: autoDraw = True
24.9065 	EXP 	Sound tone started
25.2261 	EXP 	Sound tone stopped
25.2270 	EXP 	New trial (rep=0, index=2): OrderedDict([('sound_start', 3)])
25.2324 	DATA 	Keypress: space
25.2393 	EXP 	press_key: autoDraw = False
25.2393 	EXP 	press_key: text = 'Press space when you hear a tone'
25.2393 	EXP 	press_key: autoDraw = True
28.2259 	EXP 	Sound tone started
28.4459 	EXP 	Sound tone stopped
28.4519 	DATA 	Keypress: space
28.4570 	EXP 	press_key: autoDraw = False
28.4570 	EXP 	outro_slide: autoDraw = True
29.4573 	EXP 	outro_slide: autoDraw = False
29.4573 	EXP 	outro_slide: autoDraw = False
29.4819 	EXP 	window1: mouseVisible = True
